[debug] [2017-12-30T21:56:42.582Z] ----------------------------------------------------------------------
[debug] [2017-12-30T21:56:42.584Z] Command:       /Users/jordancampbell/.nvm/versions/node/v6.9.1/bin/node /usr/local/bin/firebase deploy
[debug] [2017-12-30T21:56:42.585Z] CLI Version:   3.12.0
[debug] [2017-12-30T21:56:42.585Z] Platform:      darwin
[debug] [2017-12-30T21:56:42.585Z] Node Version:  v6.9.1
[debug] [2017-12-30T21:56:42.585Z] Time:          Sun Dec 31 2017 10:56:42 GMT+1300 (NZDT)
[debug] [2017-12-30T21:56:42.586Z] ----------------------------------------------------------------------
[debug] 
[debug] [2017-12-30T21:56:42.597Z] > command requires scopes: ["email","openid","https://www.googleapis.com/auth/cloudplatformprojects.readonly","https://www.googleapis.com/auth/firebase","https://www.googleapis.com/auth/cloud-platform"]
[debug] [2017-12-30T21:56:42.597Z] > authorizing via signed-in user
[debug] [2017-12-30T21:56:42.599Z] >>> HTTP REQUEST GET https://admin.firebase.com/v1/projects/mosaic-portal  
 Sun Dec 31 2017 10:56:42 GMT+1300 (NZDT)
[debug] [2017-12-30T21:56:44.284Z] <<< HTTP RESPONSE 200
[debug] [2017-12-30T21:56:44.285Z] >>> HTTP REQUEST GET https://admin.firebase.com/v1/database/mosaic-portal/tokens  
 Sun Dec 31 2017 10:56:44 GMT+1300 (NZDT)
[debug] [2017-12-30T21:56:45.341Z] <<< HTTP RESPONSE 200
[info] 
[info] === Deploying to 'mosaic-portal'...
[info] 
[info] i  deploying functions, hosting
[debug] [2017-12-30T21:56:46.848Z] > [functions] package.json contents: {
  "name": "functions",
  "description": "Cloud Functions for Firebase",
  "dependencies": {
    "bcrypt": "^1.0.3",
    "body-parser": "^1.18.2",
    "client-sessions": "^0.8.0",
    "consolidate": "^0.15.0",
    "cookie-parser": "^1.4.3",
    "cors": "^2.8.4",
    "express": "^4.16.2",
    "express-session": "^1.15.6",
    "firebase": "^4.8.1",
    "firebase-admin": "~5.2.1",
    "firebase-functions": "^0.6.2",
    "handlebars": "^4.0.11",
    "multer": "^1.3.0"
  },
  "private": true
}
[info] i  functions: ensuring necessary APIs are enabled...
[info] i  runtimeconfig: ensuring necessary APIs are enabled...
[debug] [2017-12-30T21:56:46.850Z] >>> HTTP REQUEST GET https://servicemanagement.googleapis.com/v1/services/cloudfunctions.googleapis.com/projectSettings/mosaic-portal?view=CONSUMER_VIEW  
 Sun Dec 31 2017 10:56:46 GMT+1300 (NZDT)
[debug] [2017-12-30T21:56:46.850Z] >>> HTTP REQUEST GET https://servicemanagement.googleapis.com/v1/services/runtimeconfig.googleapis.com/projectSettings/mosaic-portal?view=CONSUMER_VIEW  
 Sun Dec 31 2017 10:56:46 GMT+1300 (NZDT)
